<?xml version="1.0" encoding="UTF-8"?>
<!-- Generated by org.testng.reporters.JUnitXMLReporter -->
<testsuite ignored="0" hostname="DESKTOP-AF33508" failures="0" tests="5" name="Test" time="185.85" errors="0" timestamp="2023-11-20T10:23:15 IST">
  <testcase classname="orangehrm_test_cases.LoginPage" name="login" time="32.641"/>
  <testcase classname="orangehrm_test_cases.LoginPage" name="login" time="30.308"/>
  <testcase classname="orangehrm_test_cases.LoginPage" name="login" time="31.012"/>
  <testcase classname="orangehrm_test_cases.LoginPage" name="login" time="30.141"/>
  <testcase classname="orangehrm_test_cases.LoginPage" name="login" time="30.641"/>
</testsuite> <!-- Test -->
