<?xml version="1.0" encoding="UTF-8"?>
<testng-results ignored="0" total="5" passed="5" failed="0" skipped="0">
  <reporter-output>
  </reporter-output>
  <suite started-at="2023-11-20T10:20:09 IST" name="Suite" finished-at="2023-11-20T10:23:15 IST" duration-ms="185850">
    <groups>
    </groups>
    <test started-at="2023-11-20T10:20:09 IST" name="Test" finished-at="2023-11-20T10:23:15 IST" duration-ms="185850">
      <class name="orangehrm_test_cases.LoginPage">
        <test-method is-config="true" signature="setUp(java.lang.String)[pri:0, instance:orangehrm_test_cases.LoginPage@2a265ea9]" started-at="2023-11-20T10:20:09 IST" name="setUp" finished-at="2023-11-20T10:20:34 IST" duration-ms="25747" status="PASS">
          <params>
            <param index="0">
              <value>
                <![CDATA[chrome]]>
              </value>
            </param>
          </params>
          <reporter-output>
          </reporter-output>
        </test-method> <!-- setUp -->
        <test-method signature="login(java.lang.String,java.lang.String)[pri:0, instance:orangehrm_test_cases.LoginPage@2a265ea9]" started-at="2023-11-20T10:20:36 IST" name="login" data-provider="LoginData" finished-at="2023-11-20T10:21:09 IST" duration-ms="32641" status="PASS">
          <params>
            <param index="0">
              <value>
                <![CDATA[Admin]]>
              </value>
            </param>
            <param index="1">
              <value>
                <![CDATA[admin123]]>
              </value>
            </param>
          </params>
          <reporter-output>
          </reporter-output>
        </test-method> <!-- login -->
        <test-method signature="login(java.lang.String,java.lang.String)[pri:0, instance:orangehrm_test_cases.LoginPage@2a265ea9]" started-at="2023-11-20T10:21:09 IST" name="login" data-provider="LoginData" finished-at="2023-11-20T10:21:39 IST" duration-ms="30308" status="PASS">
          <params>
            <param index="0">
              <value>
                <![CDATA[Admin]]>
              </value>
            </param>
            <param index="1">
              <value>
                <![CDATA[admin123]]>
              </value>
            </param>
          </params>
          <reporter-output>
          </reporter-output>
        </test-method> <!-- login -->
        <test-method signature="login(java.lang.String,java.lang.String)[pri:0, instance:orangehrm_test_cases.LoginPage@2a265ea9]" started-at="2023-11-20T10:21:39 IST" name="login" data-provider="LoginData" finished-at="2023-11-20T10:22:10 IST" duration-ms="31012" status="PASS">
          <params>
            <param index="0">
              <value>
                <![CDATA[Admin]]>
              </value>
            </param>
            <param index="1">
              <value>
                <![CDATA[admin123]]>
              </value>
            </param>
          </params>
          <reporter-output>
          </reporter-output>
        </test-method> <!-- login -->
        <test-method signature="login(java.lang.String,java.lang.String)[pri:0, instance:orangehrm_test_cases.LoginPage@2a265ea9]" started-at="2023-11-20T10:22:10 IST" name="login" data-provider="LoginData" finished-at="2023-11-20T10:22:40 IST" duration-ms="30141" status="PASS">
          <params>
            <param index="0">
              <value>
                <![CDATA[Admin]]>
              </value>
            </param>
            <param index="1">
              <value>
                <![CDATA[admin123]]>
              </value>
            </param>
          </params>
          <reporter-output>
          </reporter-output>
        </test-method> <!-- login -->
        <test-method signature="login(java.lang.String,java.lang.String)[pri:0, instance:orangehrm_test_cases.LoginPage@2a265ea9]" started-at="2023-11-20T10:22:40 IST" name="login" data-provider="LoginData" finished-at="2023-11-20T10:23:11 IST" duration-ms="30641" status="PASS">
          <params>
            <param index="0">
              <value>
                <![CDATA[Admin]]>
              </value>
            </param>
            <param index="1">
              <value>
                <![CDATA[admin123]]>
              </value>
            </param>
          </params>
          <reporter-output>
          </reporter-output>
        </test-method> <!-- login -->
        <test-method is-config="true" signature="tearDown()[pri:0, instance:orangehrm_test_cases.LoginPage@2a265ea9]" started-at="2023-11-20T10:23:11 IST" name="tearDown" finished-at="2023-11-20T10:23:15 IST" duration-ms="3674" status="PASS">
          <reporter-output>
          </reporter-output>
        </test-method> <!-- tearDown -->
      </class> <!-- orangehrm_test_cases.LoginPage -->
    </test> <!-- Test -->
  </suite> <!-- Suite -->
</testng-results>
